<?xml version="1.0" encoding="UTF-8"?>
<!-- Generated by org.testng.reporters.JUnitReportReporter -->
<testsuite skipped="0" hostname="LAPTOP-3RN7TLQT" name="com.testngbasics.FirstTest" tests="1" failures="0" timestamp="2020-07-26T22:02:48 IST" time="0.000" errors="0">
  <testcase name="a" time="0.000" classname="com.testngbasics.FirstTest"/>
  <system-out/>
</testsuite> <!-- com.testngbasics.FirstTest -->
