<?xml version="1.0" encoding="UTF-8"?>
<!-- Generated by org.testng.reporters.JUnitReportReporter -->
<testsuite skipped="0" hostname="LAPTOP-3RN7TLQT" name="com.testngbasics.Day1" tests="1" failures="0" timestamp="2020-07-28T23:44:59 IST" time="0.008" errors="0">
  <testcase name="loanssignin" time="0.008" classname="com.testngbasics.Day1"/>
  <system-out/>
</testsuite> <!-- com.testngbasics.Day1 -->
