<?xml version="1.0" encoding="UTF-8"?>
<!-- Generated by org.testng.reporters.JUnitReportReporter -->
<testsuite skipped="0" hostname="LAPTOP-3RN7TLQT" name="com.testngbasics.Day2" tests="3" failures="0" timestamp="2020-08-03T21:29:16 IST" time="0.000" errors="0">
  <testcase name="mobileperloan" time="0.000" classname="com.testngbasics.Day2"/>
  <system-out/>
  <testcase name="webperloan" time="0.000" classname="com.testngbasics.Day2"/>
  <system-out/>
  <testcase name="apiperloan" time="0.000" classname="com.testngbasics.Day2"/>
  <system-out/>
</testsuite> <!-- com.testngbasics.Day2 -->
