<?xml version="1.0" encoding="UTF-8"?>
<!-- Generated by org.testng.reporters.JUnitReportReporter -->
<testsuite skipped="1" hostname="LAPTOP-3RN7TLQT" name="com.testngbasics.Day4" tests="2" failures="0" timestamp="2020-08-03T21:29:16 IST" time="0.016" errors="0">
  <testcase name="mobilehomeloan" time="0.016" classname="com.testngbasics.Day4"/>
  <system-out/>
  <testcase name="webhomeloan" classname="com.testngbasics.Day4">
    <skipped/>
  </testcase> <!-- webhomeloan -->
  <system-out/>
</testsuite> <!-- com.testngbasics.Day4 -->
